<?xml version="1.0" encoding="UTF-8"?>
<!-- Generated by org.testng.reporters.JUnitReportReporter -->
<testsuite skipped="0" hostname="DESKTOP-US8RL53" name="testngBasics.GmailTest" tests="2" failures="0" timestamp="2020-05-08T14:53:44 IST" time="0.549" errors="0">
  <testcase name="getTitle" time="0.077" classname="testngBasics.GmailTest"/>
  <system-out/>
  <testcase name="verifyLogo" time="0.472" classname="testngBasics.GmailTest"/>
  <system-out/>
</testsuite> <!-- testngBasics.GmailTest -->
