<?xml version="1.0" encoding="UTF-8"?>
<!-- Generated by org.testng.reporters.JUnitReportReporter -->
<testsuite skipped="0" hostname="vivek-Lenovo-V310-14IKB" name="testngBasics.GmailTest" tests="2" failures="0" timestamp="2020-01-13T20:25:25 IST" time="0.265" errors="0">
  <testcase name="getTitle" time="0.033" classname="testngBasics.GmailTest"/>
  <testcase name="verifyLogo" time="0.232" classname="testngBasics.GmailTest"/>
</testsuite> <!-- testngBasics.GmailTest -->
