<?xml version="1.0" encoding="UTF-8"?>
<!-- Generated by org.testng.reporters.JUnitReportReporter -->
<testsuite skipped="0" hostname="vivek-Lenovo-V310-14IKB" name="testngBasics.InvocationCountTest" tests="5" failures="0" timestamp="2020-02-25T17:30:39 IST" time="0.013" errors="0">
  <testcase name="sum" time="0.001" classname="testngBasics.InvocationCountTest"/>
  <testcase name="sum" time="0.001" classname="testngBasics.InvocationCountTest"/>
  <testcase name="sum" time="0.001" classname="testngBasics.InvocationCountTest"/>
  <testcase name="sum" time="0.009" classname="testngBasics.InvocationCountTest"/>
  <testcase name="sum" time="0.001" classname="testngBasics.InvocationCountTest"/>
</testsuite> <!-- testngBasics.InvocationCountTest -->
