<?xml version="1.0" encoding="UTF-8"?>
<!-- Generated by org.testng.reporters.JUnitReportReporter -->
<testsuite skipped="0" hostname="vivek-Lenovo-V310-14IKB" name="testngBasics.TestngPractice" tests="6" failures="0" timestamp="2020-02-25T17:31:58 IST" time="0.018" errors="0">
  <testcase name="testMethod6" time="0.008" classname="testngBasics.TestngPractice"/>
  <testcase name="testMethod5" time="0.003" classname="testngBasics.TestngPractice"/>
  <testcase name="testMethod4" time="0.002" classname="testngBasics.TestngPractice"/>
  <testcase name="testMethod3" time="0.003" classname="testngBasics.TestngPractice"/>
  <testcase name="testMethod2" time="0.001" classname="testngBasics.TestngPractice"/>
  <testcase name="testMethod1" time="0.001" classname="testngBasics.TestngPractice"/>
</testsuite> <!-- testngBasics.TestngPractice -->
