<?xml version="1.0" encoding="UTF-8"?>
<!-- Generated by org.testng.reporters.JUnitReportReporter -->
<testsuite hostname="Mac-78.lan" failures="0" tests="2" name="testngBasics.TestngPractice" time="0.001" errors="0" timestamp="2025-07-13T01:48:51 PDT" skipped="0">
  <testcase classname="testngBasics.TestngPractice" name="testMethod4" time="0.000"/>
  <testcase classname="testngBasics.TestngPractice" name="testMethod1" time="0.001"/>
</testsuite> <!-- testngBasics.TestngPractice -->
