<?xml version="1.0" encoding="UTF-8"?>
<!-- Generated by org.testng.reporters.JUnitReportReporter -->
<testsuite skipped="0" hostname="vivek-Lenovo-V310-14IKB" name="testngBasics.ExpectedExceptionsTest" tests="1" failures="0" timestamp="2020-01-13T16:49:13 IST" time="0.006" errors="0">
  <testcase name="test1" time="0.006" classname="testngBasics.ExpectedExceptionsTest"/>
</testsuite> <!-- testngBasics.ExpectedExceptionsTest -->
