<?xml version="1.0" encoding="UTF-8"?>
<!-- Generated by org.testng.reporters.JUnitReportReporter -->
<testsuite skipped="0" hostname="vivek-Lenovo-V310-14IKB" name="testngDataDriven.GmailLoginDataProviderTest" tests="4" failures="0" timestamp="2020-01-13T18:06:12 IST" time="29.645" errors="0">
  <testcase name="loginGmail" time="7.026" classname="testngDataDriven.GmailLoginDataProviderTest"/>
  <testcase name="loginGmail" time="7.331" classname="testngDataDriven.GmailLoginDataProviderTest"/>
  <testcase name="loginGmail" time="7.917" classname="testngDataDriven.GmailLoginDataProviderTest"/>
  <testcase name="loginGmail" time="7.371" classname="testngDataDriven.GmailLoginDataProviderTest"/>
</testsuite> <!-- testngDataDriven.GmailLoginDataProviderTest -->
