<?xml version="1.0" encoding="UTF-8"?>
<!-- Generated by org.testng.reporters.JUnitReportReporter -->
<testsuite hostname="Mac-72.lan" failures="0" tests="2" name="testngBasics.TestngPractice" time="0.001" errors="0" timestamp="2025-07-12T21:24:26 PDT" skipped="0">
  <testcase classname="testngBasics.TestngPractice" name="testMethod4" time="0.001"/>
  <testcase classname="testngBasics.TestngPractice" name="testMethod1" time="0.000"/>
</testsuite> <!-- testngBasics.TestngPractice -->
